<?xml version="1.0" encoding="UTF-8"?>
<coverage generated="1663803554036" clover="3.2.0">
  <project timestamp="1663803554036" name="All files">
    <metrics statements="22" coveredstatements="22" conditionals="3" coveredconditionals="3" methods="14" coveredmethods="14" elements="39" coveredelements="39" complexity="0" loc="22" ncloc="22" packages="1" files="1" classes="1"/>
    <file name="moveProbe.ts" path="/home/gcb/Área de Trabalho/Desafios/Nasa-Challenge/src/uses/moveProbe.ts">
      <metrics statements="22" coveredstatements="22" conditionals="3" coveredconditionals="3" methods="14" coveredmethods="14"/>
      <line num="3" count="1" type="stmt"/>
      <line num="5" count="2" type="stmt"/>
      <line num="8" count="19" type="stmt"/>
      <line num="9" count="1" type="stmt"/>
      <line num="10" count="1" type="stmt"/>
      <line num="11" count="1" type="stmt"/>
      <line num="12" count="1" type="stmt"/>
      <line num="15" count="19" type="stmt"/>
      <line num="16" count="1" type="stmt"/>
      <line num="17" count="1" type="stmt"/>
      <line num="18" count="1" type="stmt"/>
      <line num="19" count="1" type="stmt"/>
      <line num="22" count="19" type="stmt"/>
      <line num="23" count="2" type="stmt"/>
      <line num="24" count="4" type="stmt"/>
      <line num="25" count="3" type="stmt"/>
      <line num="26" count="2" type="stmt"/>
      <line num="29" count="19" type="cond" truecount="1" falsecount="0"/>
      <line num="30" count="19" type="cond" truecount="1" falsecount="0"/>
      <line num="31" count="19" type="cond" truecount="1" falsecount="0"/>
      <line num="33" count="19" type="stmt"/>
      <line num="41" count="2" type="stmt"/>
    </file>
  </project>
</coverage>
