{"/home/gcb/Área de Trabalho/Desafios/Nasa-Challenge/src/uses/moveProbe.ts": {"path":"/home/gcb/Área de Trabalho/Desafios/Nasa-Challenge/src/uses/moveProbe.ts","statementMap":{"0":{"start":{"line":5,"column":20},"end":{"line":39,"column":null}},"1":{"start":{"line":8,"column":21},"end":{"line":13,"column":10}},"2":{"start":{"line":9,"column":20},"end":{"line":9,"column":35}},"3":{"start":{"line":10,"column":20},"end":{"line":10,"column":35}},"4":{"start":{"line":11,"column":20},"end":{"line":11,"column":35}},"5":{"start":{"line":12,"column":20},"end":{"line":12,"column":35}},"6":{"start":{"line":15,"column":22},"end":{"line":20,"column":10}},"7":{"start":{"line":16,"column":20},"end":{"line":16,"column":35}},"8":{"start":{"line":17,"column":20},"end":{"line":17,"column":35}},"9":{"start":{"line":18,"column":20},"end":{"line":18,"column":35}},"10":{"start":{"line":19,"column":20},"end":{"line":19,"column":35}},"11":{"start":{"line":22,"column":21},"end":{"line":27,"column":10}},"12":{"start":{"line":23,"column":19},"end":{"line":23,"column":22}},"13":{"start":{"line":24,"column":19},"end":{"line":24,"column":22}},"14":{"start":{"line":25,"column":19},"end":{"line":25,"column":22}},"15":{"start":{"line":26,"column":19},"end":{"line":26,"column":22}},"16":{"start":{"line":29,"column":8},"end":{"line":29,"column":62}},"17":{"start":{"line":29,"column":44},"end":{"line":29,"column":62}},"18":{"start":{"line":30,"column":8},"end":{"line":30,"column":63}},"19":{"start":{"line":30,"column":44},"end":{"line":30,"column":63}},"20":{"start":{"line":31,"column":8},"end":{"line":31,"column":62}},"21":{"start":{"line":31,"column":44},"end":{"line":31,"column":62}},"22":{"start":{"line":33,"column":8},"end":{"line":33,"column":35}},"23":{"start":{"line":41,"column":4},"end":{"line":41,"column":19}},"24":{"start":{"line":3,"column":0},"end":{"line":3,"column":13}}},"fnMap":{"0":{"name":"(anonymous_0)","decl":{"start":{"line":4,"column":2},"end":{"line":4,"column":8}},"loc":{"start":{"line":4,"column":60},"end":{"line":42,"column":3}}},"1":{"name":"(anonymous_1)","decl":{"start":{"line":6,"column":6},"end":{"line":6,"column":7}},"loc":{"start":{"line":6,"column":61},"end":{"line":34,"column":7}}},"2":{"name":"(anonymous_2)","decl":{"start":{"line":9,"column":13},"end":{"line":9,"column":16}},"loc":{"start":{"line":9,"column":20},"end":{"line":9,"column":35}}},"3":{"name":"(anonymous_3)","decl":{"start":{"line":10,"column":13},"end":{"line":10,"column":16}},"loc":{"start":{"line":10,"column":20},"end":{"line":10,"column":35}}},"4":{"name":"(anonymous_4)","decl":{"start":{"line":11,"column":13},"end":{"line":11,"column":16}},"loc":{"start":{"line":11,"column":20},"end":{"line":11,"column":35}}},"5":{"name":"(anonymous_5)","decl":{"start":{"line":12,"column":13},"end":{"line":12,"column":16}},"loc":{"start":{"line":12,"column":20},"end":{"line":12,"column":35}}},"6":{"name":"(anonymous_6)","decl":{"start":{"line":16,"column":13},"end":{"line":16,"column":16}},"loc":{"start":{"line":16,"column":20},"end":{"line":16,"column":35}}},"7":{"name":"(anonymous_7)","decl":{"start":{"line":17,"column":13},"end":{"line":17,"column":16}},"loc":{"start":{"line":17,"column":20},"end":{"line":17,"column":35}}},"8":{"name":"(anonymous_8)","decl":{"start":{"line":18,"column":13},"end":{"line":18,"column":16}},"loc":{"start":{"line":18,"column":20},"end":{"line":18,"column":35}}},"9":{"name":"(anonymous_9)","decl":{"start":{"line":19,"column":13},"end":{"line":19,"column":16}},"loc":{"start":{"line":19,"column":20},"end":{"line":19,"column":35}}},"10":{"name":"(anonymous_10)","decl":{"start":{"line":23,"column":13},"end":{"line":23,"column":16}},"loc":{"start":{"line":23,"column":19},"end":{"line":23,"column":22}}},"11":{"name":"(anonymous_11)","decl":{"start":{"line":24,"column":13},"end":{"line":24,"column":16}},"loc":{"start":{"line":24,"column":19},"end":{"line":24,"column":22}}},"12":{"name":"(anonymous_12)","decl":{"start":{"line":25,"column":13},"end":{"line":25,"column":16}},"loc":{"start":{"line":25,"column":19},"end":{"line":25,"column":22}}},"13":{"name":"(anonymous_13)","decl":{"start":{"line":26,"column":13},"end":{"line":26,"column":16}},"loc":{"start":{"line":26,"column":19},"end":{"line":26,"column":22}}}},"branchMap":{"0":{"loc":{"start":{"line":29,"column":8},"end":{"line":29,"column":62}},"type":"if","locations":[{"start":{"line":29,"column":8},"end":{"line":29,"column":62}}]},"1":{"loc":{"start":{"line":30,"column":8},"end":{"line":30,"column":63}},"type":"if","locations":[{"start":{"line":30,"column":8},"end":{"line":30,"column":63}}]},"2":{"loc":{"start":{"line":31,"column":8},"end":{"line":31,"column":62}},"type":"if","locations":[{"start":{"line":31,"column":8},"end":{"line":31,"column":62}}]}},"s":{"0":2,"1":19,"2":1,"3":1,"4":1,"5":1,"6":19,"7":1,"8":1,"9":1,"10":1,"11":19,"12":2,"13":4,"14":3,"15":2,"16":19,"17":4,"18":19,"19":4,"20":19,"21":11,"22":19,"23":2,"24":1},"f":{"0":2,"1":19,"2":1,"3":1,"4":1,"5":1,"6":1,"7":1,"8":1,"9":1,"10":2,"11":4,"12":3,"13":2},"b":{"0":[4],"1":[4],"2":[11]}}
}
