TN:
SF:src/uses/moveProbe.ts
FN:4,(anonymous_0)
FN:6,(anonymous_1)
FN:9,(anonymous_2)
FN:10,(anonymous_3)
FN:11,(anonymous_4)
FN:12,(anonymous_5)
FN:16,(anonymous_6)
FN:17,(anonymous_7)
FN:18,(anonymous_8)
FN:19,(anonymous_9)
FN:23,(anonymous_10)
FN:24,(anonymous_11)
FN:25,(anonymous_12)
FN:26,(anonymous_13)
FNF:14
FNH:14
FNDA:2,(anonymous_0)
FNDA:19,(anonymous_1)
FNDA:1,(anonymous_2)
FNDA:1,(anonymous_3)
FNDA:1,(anonymous_4)
FNDA:1,(anonymous_5)
FNDA:1,(anonymous_6)
FNDA:1,(anonymous_7)
FNDA:1,(anonymous_8)
FNDA:1,(anonymous_9)
FNDA:2,(anonymous_10)
FNDA:4,(anonymous_11)
FNDA:3,(anonymous_12)
FNDA:2,(anonymous_13)
DA:3,1
DA:5,2
DA:8,19
DA:9,1
DA:10,1
DA:11,1
DA:12,1
DA:15,19
DA:16,1
DA:17,1
DA:18,1
DA:19,1
DA:22,19
DA:23,2
DA:24,4
DA:25,3
DA:26,2
DA:29,19
DA:30,19
DA:31,19
DA:33,19
DA:41,2
LF:22
LH:22
BRDA:29,0,0,4
BRDA:30,1,0,4
BRDA:31,2,0,11
BRF:3
BRH:3
end_of_record
